<?xml version='1.0' encoding='UTF-8'?>
<testsuite hostname="Adnans-MacBook-Pro.local" name="todo.IdGeneratorSuite" tests="2" errors="0" failures="0" skipped="0" time="0.014" timestamp="2021-12-06T21:00:44">
          <properties>
[...]
</properties>
          <testcase classname="todo.IdGeneratorSuite" name="generated Ids are monotonically increasing" time="0.013">
                      
                    </testcase><testcase classname="todo.IdGeneratorSuite" name="generated Ids start with given Id" time="0.001">
                      
                    </testcase>
          <system-out><![CDATA[]]></system-out>
          <system-err><![CDATA[]]></system-err>
        </testsuite>