<?xml version='1.0' encoding='UTF-8'?>
<testsuite hostname="Adnans-MacBook-Pro.local" name="retcalc.RetCalcSpec" tests="7" errors="0" failures="0" skipped="0" time="1.438" timestamp="2022-01-05T17:05:24">
          <properties>
[...]
</properties>
          <testcase classname="retcalc.RetCalcSpec" name="RetCalc.futureCapital should calculate the amount of savings I will have in n months" time="0.019">
                      
                    </testcase><testcase classname="retcalc.RetCalcSpec" name="RetCalc.futureCapital should calculate how much savings will be left after having taken a pension for n months" time="0.001">
                      
                    </testcase><testcase classname="retcalc.RetCalcSpec" name="RetCalc.nbOfMonthsSaving should calculate how long I need to save before I can retire" time="0.109">
                      
                    </testcase><testcase classname="retcalc.RetCalcSpec" name="RetCalc.nbOfMonthsSaving should not crash if the resulting nbOfMonths is very high" time="1.286">
                      
                    </testcase><testcase classname="retcalc.RetCalcSpec" name="RetCalc.nbOfMonthsSaving should not loop forever if I enter bad parameters" time="0.013">
                      
                    </testcase><testcase classname="retcalc.RetCalcSpec" name="RetCalc.nbOfMonthsSaving should RetCalc.simulatePlan should calculate the capital at retirement and the capital after death" time="0.001">
                      
                    </testcase><testcase classname="retcalc.RetCalcSpec" name="RetCalc.nbOfMonthsSaving should RetCalc.simulatePlan should use different returns for capitalisation and drawdown" time="0.009">
                      
                    </testcase>
          <system-out><![CDATA[]]></system-out>
          <system-err><![CDATA[]]></system-err>
        </testsuite>